<?xml version="1.0" encoding="UTF-8"?>
<testng-results ignored="0" total="3" passed="3" failed="0" skipped="0">
  <reporter-output>
  </reporter-output>
  <suite started-at="2024-04-18T21:30:37 IST" name="Default suite" finished-at="2024-04-18T21:31:03 IST" duration-ms="26263">
    <groups>
    </groups>
    <test started-at="2024-04-18T21:30:37 IST" name="Default test" finished-at="2024-04-18T21:31:03 IST" duration-ms="26263">
      <class name="com.cs.pageTest.CoverSelfFormTest">
        <test-method is-config="true" signature="configBeforeClass()[pri:0, instance:com.cs.pageTest.CoverSelfFormTest@6580cfdd]" started-at="2024-04-18T21:30:37 IST" name="configBeforeClass" finished-at="2024-04-18T21:30:40 IST" duration-ms="2644" status="PASS">
          <reporter-output>
          </reporter-output>
        </test-method> <!-- configBeforeClass -->
        <test-method signature="validateNavigationToAppPage()[pri:1, instance:com.cs.pageTest.CoverSelfFormTest@6580cfdd]" started-at="2024-04-18T21:30:40 IST" name="validateNavigationToAppPage" description="1.	Validate the generate url loads." finished-at="2024-04-18T21:30:43 IST" duration-ms="3431" status="PASS">
          <reporter-output>
          </reporter-output>
        </test-method> <!-- validateNavigationToAppPage -->
        <test-method signature="ValidateSuccessfulAPIGenerate()[pri:2, instance:com.cs.pageTest.CoverSelfFormTest@6580cfdd]" started-at="2024-04-18T21:30:43 IST" name="ValidateSuccessfulAPIGenerate" description="2.	Validate that when all the fields entered, the generate api is successful." finished-at="2024-04-18T21:31:01 IST" duration-ms="17616" status="PASS">
          <reporter-output>
          </reporter-output>
        </test-method> <!-- ValidateSuccessfulAPIGenerate -->
        <test-method signature="validateGeneartedApiDataWithOutputFileSave()[pri:3, instance:com.cs.pageTest.CoverSelfFormTest@6580cfdd]" started-at="2024-04-18T21:31:01 IST" name="validateGeneartedApiDataWithOutputFileSave" description="3.	Validate if get request goes through with validation of data and saving the json file" finished-at="2024-04-18T21:31:03 IST" duration-ms="2312" status="PASS">
          <reporter-output>
          </reporter-output>
        </test-method> <!-- validateGeneartedApiDataWithOutputFileSave -->
        <test-method is-config="true" signature="quitBrowser()[pri:0, instance:com.cs.pageTest.CoverSelfFormTest@6580cfdd]" started-at="2024-04-18T21:31:03 IST" name="quitBrowser" finished-at="2024-04-18T21:31:03 IST" duration-ms="220" status="PASS">
          <reporter-output>
          </reporter-output>
        </test-method> <!-- quitBrowser -->
      </class> <!-- com.cs.pageTest.CoverSelfFormTest -->
    </test> <!-- Default test -->
  </suite> <!-- Default suite -->
</testng-results>
