<?xml version="1.0" encoding="UTF-8"?>
<!-- Generated by org.testng.reporters.JUnitXMLReporter -->
<testsuite ignored="0" hostname="Apples-MacBook-Pro.local" failures="0" tests="3" name="Default test" time="26.263" errors="0" timestamp="2024-04-18T21:31:03 IST">
  <testcase classname="com.cs.pageTest.CoverSelfFormTest" name="validateNavigationToAppPage" time="3.431"/>
  <testcase classname="com.cs.pageTest.CoverSelfFormTest" name="ValidateSuccessfulAPIGenerate" time="17.616"/>
  <testcase classname="com.cs.pageTest.CoverSelfFormTest" name="validateGeneartedApiDataWithOutputFileSave" time="2.312"/>
</testsuite> <!-- Default test -->
